<?xml version="1.0" encoding="UTF-8"?>
<!-- Generated by org.testng.reporters.JUnitReportReporter -->
<testsuite skipped="0" hostname="DESKTOP-B2T9MUN" name="Test_Cases.ContextMenuPageTest" tests="1" failures="0" timestamp="28 Nov 2022 10:43:48 GMT" time="2.381" errors="0">
  <testcase name="clickContextMenu" time="2.381" classname="Test_Cases.ContextMenuPageTest"/>
</testsuite> <!-- Test_Cases.ContextMenuPageTest -->
