<?xml version="1.0" encoding="UTF-8"?>
<!-- Generated by org.testng.reporters.JUnitReportReporter -->
<testsuite skipped="0" hostname="DESKTOP-B2T9MUN" name="Test_Cases.CheckBoxesPageTest" tests="2" failures="0" timestamp="28 Nov 2022 09:47:05 GMT" time="1.984" errors="0">
  <testcase name="selectDeselectCheckBoxes" time="1.454" classname="Test_Cases.CheckBoxesPageTest"/>
  <testcase name="selectAllCheckBoxes" time="0.530" classname="Test_Cases.CheckBoxesPageTest"/>
</testsuite> <!-- Test_Cases.CheckBoxesPageTest -->
