<?xml version="1.0" encoding="UTF-8"?>
<!-- Generated by org.testng.reporters.JUnitReportReporter -->
<testsuite skipped="0" hostname="DESKTOP-B2T9MUN" name="Test_Cases.FileUploadPageTest" tests="1" failures="0" timestamp="28 Nov 2022 09:47:05 GMT" time="7.390" errors="0">
  <testcase name="fileUploadTest" time="7.390" classname="Test_Cases.FileUploadPageTest"/>
</testsuite> <!-- Test_Cases.FileUploadPageTest -->
