<?xml version="1.0" encoding="UTF-8"?>
<!-- Generated by org.testng.reporters.JUnitReportReporter -->
<testsuite skipped="0" hostname="DESKTOP-B2T9MUN" name="Test_Cases.DynamicControlsPageTest" tests="2" failures="0" timestamp="28 Nov 2022 09:47:05 GMT" time="14.866" errors="0">
  <testcase name="removingAddingCheckBox" time="7.116" classname="Test_Cases.DynamicControlsPageTest"/>
  <testcase name="enableDisableTextBox" time="7.750" classname="Test_Cases.DynamicControlsPageTest"/>
</testsuite> <!-- Test_Cases.DynamicControlsPageTest -->
