<?xml version="1.0" encoding="UTF-8"?>
<!-- Generated by org.testng.reporters.JUnitReportReporter -->
<testsuite skipped="0" hostname="DESKTOP-B2T9MUN" name="TestBase.Basetest" tests="1" failures="0" timestamp="22 Nov 2022 23:03:42 GMT" time="3.936" errors="0">
  <testcase name="login" time="3.936" classname="TestBase.Basetest"/>
</testsuite> <!-- TestBase.Basetest -->
